Collecting package metadata (current_repodata.json): ...working... done
Solving environment: ...working... failed with repodata from current_repodata.json, will retry with next repodata source.
Collecting package metadata (repodata.json): ...working... done
Solving environment: ...working... done

## Package Plan ##

  environment location: /home/scur2199/.conda/envs/PIDM

  added / updated specs:
    - python=3.7


The following NEW packages will be INSTALLED:

  _libgcc_mutex      pkgs/main/linux-64::_libgcc_mutex-0.1-main
  _openmp_mutex      pkgs/main/linux-64::_openmp_mutex-5.1-1_gnu
  ca-certificates    pkgs/main/linux-64::ca-certificates-2024.3.11-h06a4308_0
  certifi            pkgs/main/linux-64::certifi-2022.12.7-py37h06a4308_0
  ld_impl_linux-64   pkgs/main/linux-64::ld_impl_linux-64-2.38-h1181459_1
  libffi             pkgs/main/linux-64::libffi-3.4.4-h6a678d5_1
  libgcc-ng          pkgs/main/linux-64::libgcc-ng-11.2.0-h1234567_1
  libgomp            pkgs/main/linux-64::libgomp-11.2.0-h1234567_1
  libstdcxx-ng       pkgs/main/linux-64::libstdcxx-ng-11.2.0-h1234567_1
  ncurses            pkgs/main/linux-64::ncurses-6.4-h6a678d5_0
  openssl            pkgs/main/linux-64::openssl-1.1.1w-h7f8727e_0
  pip                pkgs/main/linux-64::pip-22.3.1-py37h06a4308_0
  python             pkgs/main/linux-64::python-3.7.16-h7a1cb2a_0
  readline           pkgs/main/linux-64::readline-8.2-h5eee18b_0
  setuptools         pkgs/main/linux-64::setuptools-65.6.3-py37h06a4308_0
  sqlite             pkgs/main/linux-64::sqlite-3.45.3-h5eee18b_0
  tk                 pkgs/main/linux-64::tk-8.6.14-h39e8969_0
  wheel              pkgs/main/linux-64::wheel-0.38.4-py37h06a4308_0
  xz                 pkgs/main/linux-64::xz-5.4.6-h5eee18b_1
  zlib               pkgs/main/linux-64::zlib-1.2.13-h5eee18b_1


Proceed ([y]/n)? 
Preparing transaction: ...working... done
Verifying transaction: ...working... done
Executing transaction: ...working... done
#
# To activate this environment, use
#
#     $ conda activate PIDM
#
# To deactivate an active environment, use
#
#     $ conda deactivate

Collecting package metadata (current_repodata.json): ...working... done
Solving environment: ...working... failed with initial frozen solve. Retrying with flexible solve.
Solving environment: ...working... failed with repodata from current_repodata.json, will retry with next repodata source.
Collecting package metadata (repodata.json): ...working... done
Solving environment: ...working... done

## Package Plan ##

  environment location: /sw/arch/RHEL8/EB_production/2022/software/Anaconda3/2022.05

  added / updated specs:
    - cudatoolkit=11.1
    - pytorch
    - torchaudio
    - torchvision


The following NEW packages will be INSTALLED:

  cuda-cudart        nvidia/linux-64::cuda-cudart-11.8.89-0
  cuda-cupti         nvidia/linux-64::cuda-cupti-11.8.87-0
  cuda-libraries     nvidia/linux-64::cuda-libraries-11.8.0-0
  cuda-nvrtc         nvidia/linux-64::cuda-nvrtc-11.8.89-0
  cuda-nvtx          nvidia/linux-64::cuda-nvtx-11.8.86-0
  cuda-runtime       nvidia/linux-64::cuda-runtime-11.8.0-0
  cudatoolkit        nvidia/linux-64::cudatoolkit-11.1.74-h6bb024c_0
  ffmpeg             pytorch/linux-64::ffmpeg-4.3-hf484d3e_0
  gnutls             pkgs/main/linux-64::gnutls-3.6.15-he1e5248_0
  lame               pkgs/main/linux-64::lame-3.100-h7b6447c_0
  libcublas          nvidia/linux-64::libcublas-11.11.3.6-0
  libcufft           nvidia/linux-64::libcufft-10.9.0.58-0
  libcufile          nvidia/linux-64::libcufile-1.9.1.3-0
  libcurand          nvidia/linux-64::libcurand-10.3.5.147-0
  libcusolver        nvidia/linux-64::libcusolver-11.4.1.48-0
  libcusparse        nvidia/linux-64::libcusparse-11.7.5.86-0
  libiconv           pkgs/main/linux-64::libiconv-1.16-h7f8727e_2
  libnpp             nvidia/linux-64::libnpp-11.8.0.86-0
  libnvjpeg          nvidia/linux-64::libnvjpeg-11.9.0.86-0
  libtasn1           pkgs/main/linux-64::libtasn1-4.16.0-h27cfd23_0
  nettle             pkgs/main/linux-64::nettle-3.7.3-hbbd107a_1
  openh264           pkgs/main/linux-64::openh264-2.1.1-h4ff587b_0
  pytorch            pytorch/linux-64::pytorch-2.0.1-py3.9_cuda11.8_cudnn8.7.0_0
  pytorch-cuda       pytorch/linux-64::pytorch-cuda-11.8-h7e8668a_5
  pytorch-mutex      pytorch/noarch::pytorch-mutex-1.0-cuda
  torchaudio         pytorch/linux-64::torchaudio-2.0.2-py39_cu118
  torchtriton        pytorch/linux-64::torchtriton-2.0.0-py39
  torchvision        pytorch/linux-64::torchvision-0.15.2-py39_cu118


Proceed ([y]/n)? 
Preparing transaction: ...working... done
Verifying transaction: ...working... failed
Defaulting to user installation because normal site-packages is not writeable
Requirement already satisfied: imageio==2.10.3 in /gpfs/home2/scur2199/.local/lib/python3.9/site-packages (from -r /home/scur2199/DAVOS/modules/PIDM/requirements.txt (line 1)) (2.10.3)
Requirement already satisfied: lmdb==1.2.1 in /gpfs/home2/scur2199/.local/lib/python3.9/site-packages (from -r /home/scur2199/DAVOS/modules/PIDM/requirements.txt (line 2)) (1.2.1)
Requirement already satisfied: opencv-python==4.5.4.58 in /gpfs/home2/scur2199/.local/lib/python3.9/site-packages (from -r /home/scur2199/DAVOS/modules/PIDM/requirements.txt (line 3)) (4.5.4.58)
Requirement already satisfied: Pillow==8.3.2 in /gpfs/home2/scur2199/.local/lib/python3.9/site-packages (from -r /home/scur2199/DAVOS/modules/PIDM/requirements.txt (line 4)) (8.3.2)
Requirement already satisfied: PyYAML==5.4.1 in /gpfs/home2/scur2199/.local/lib/python3.9/site-packages (from -r /home/scur2199/DAVOS/modules/PIDM/requirements.txt (line 5)) (5.4.1)
Requirement already satisfied: scikit-image==0.17.2 in /gpfs/home2/scur2199/.local/lib/python3.9/site-packages (from -r /home/scur2199/DAVOS/modules/PIDM/requirements.txt (line 6)) (0.17.2)
Requirement already satisfied: scipy==1.5.4 in /gpfs/home2/scur2199/.local/lib/python3.9/site-packages (from -r /home/scur2199/DAVOS/modules/PIDM/requirements.txt (line 7)) (1.5.4)
Requirement already satisfied: tensorboard==2.6.0 in /gpfs/home2/scur2199/.local/lib/python3.9/site-packages (from -r /home/scur2199/DAVOS/modules/PIDM/requirements.txt (line 8)) (2.6.0)
Requirement already satisfied: tqdm==4.62.3 in /gpfs/home2/scur2199/.local/lib/python3.9/site-packages (from -r /home/scur2199/DAVOS/modules/PIDM/requirements.txt (line 9)) (4.62.3)
Requirement already satisfied: pydantic==1.10.14 in /gpfs/home2/scur2199/.local/lib/python3.9/site-packages (from -r /home/scur2199/DAVOS/modules/PIDM/requirements.txt (line 10)) (1.10.14)
Requirement already satisfied: wandb in /gpfs/home2/scur2199/.local/lib/python3.9/site-packages (from -r /home/scur2199/DAVOS/modules/PIDM/requirements.txt (line 11)) (0.17.0)
Requirement already satisfied: tensorfn in /gpfs/home2/scur2199/.local/lib/python3.9/site-packages (from -r /home/scur2199/DAVOS/modules/PIDM/requirements.txt (line 12)) (0.1.28)
Requirement already satisfied: protobuf==3.20.0 in /gpfs/home2/scur2199/.local/lib/python3.9/site-packages (from -r /home/scur2199/DAVOS/modules/PIDM/requirements.txt (line 13)) (3.20.0)
Requirement already satisfied: tabulate in /gpfs/admin/_hpc/sw/arch/INTEL-AVX512/RHEL8/EB_production/2022/software/Anaconda3/2022.05/lib/python3.9/site-packages (from -r /home/scur2199/DAVOS/modules/PIDM/requirements.txt (line 14)) (0.8.9)
Requirement already satisfied: numpy in /gpfs/admin/_hpc/sw/arch/INTEL-AVX512/RHEL8/EB_production/2022/software/Anaconda3/2022.05/lib/python3.9/site-packages (from imageio==2.10.3->-r /home/scur2199/DAVOS/modules/PIDM/requirements.txt (line 1)) (1.21.5)
Requirement already satisfied: tifffile>=2019.7.26 in /gpfs/admin/_hpc/sw/arch/INTEL-AVX512/RHEL8/EB_production/2022/software/Anaconda3/2022.05/lib/python3.9/site-packages (from scikit-image==0.17.2->-r /home/scur2199/DAVOS/modules/PIDM/requirements.txt (line 6)) (2021.7.2)
Requirement already satisfied: networkx>=2.0 in /gpfs/admin/_hpc/sw/arch/INTEL-AVX512/RHEL8/EB_production/2022/software/Anaconda3/2022.05/lib/python3.9/site-packages (from scikit-image==0.17.2->-r /home/scur2199/DAVOS/modules/PIDM/requirements.txt (line 6)) (2.7.1)
Requirement already satisfied: PyWavelets>=1.1.1 in /gpfs/admin/_hpc/sw/arch/INTEL-AVX512/RHEL8/EB_production/2022/software/Anaconda3/2022.05/lib/python3.9/site-packages (from scikit-image==0.17.2->-r /home/scur2199/DAVOS/modules/PIDM/requirements.txt (line 6)) (1.3.0)
Requirement already satisfied: matplotlib!=3.0.0,>=2.0.0 in /gpfs/admin/_hpc/sw/arch/INTEL-AVX512/RHEL8/EB_production/2022/software/Anaconda3/2022.05/lib/python3.9/site-packages (from scikit-image==0.17.2->-r /home/scur2199/DAVOS/modules/PIDM/requirements.txt (line 6)) (3.5.1)
Requirement already satisfied: google-auth<2,>=1.6.3 in /gpfs/admin/_hpc/sw/arch/INTEL-AVX512/RHEL8/EB_production/2022/software/Anaconda3/2022.05/lib/python3.9/site-packages (from tensorboard==2.6.0->-r /home/scur2199/DAVOS/modules/PIDM/requirements.txt (line 8)) (1.33.0)
Requirement already satisfied: absl-py>=0.4 in /gpfs/home2/scur2199/.local/lib/python3.9/site-packages (from tensorboard==2.6.0->-r /home/scur2199/DAVOS/modules/PIDM/requirements.txt (line 8)) (2.1.0)
Requirement already satisfied: requests<3,>=2.21.0 in /gpfs/admin/_hpc/sw/arch/INTEL-AVX512/RHEL8/EB_production/2022/software/Anaconda3/2022.05/lib/python3.9/site-packages (from tensorboard==2.6.0->-r /home/scur2199/DAVOS/modules/PIDM/requirements.txt (line 8)) (2.27.1)
Requirement already satisfied: setuptools>=41.0.0 in /gpfs/admin/_hpc/sw/arch/INTEL-AVX512/RHEL8/EB_production/2022/software/Anaconda3/2022.05/lib/python3.9/site-packages (from tensorboard==2.6.0->-r /home/scur2199/DAVOS/modules/PIDM/requirements.txt (line 8)) (61.2.0)
Requirement already satisfied: markdown>=2.6.8 in /gpfs/admin/_hpc/sw/arch/INTEL-AVX512/RHEL8/EB_production/2022/software/Anaconda3/2022.05/lib/python3.9/site-packages (from tensorboard==2.6.0->-r /home/scur2199/DAVOS/modules/PIDM/requirements.txt (line 8)) (3.3.4)
Requirement already satisfied: tensorboard-data-server<0.7.0,>=0.6.0 in /gpfs/home2/scur2199/.local/lib/python3.9/site-packages (from tensorboard==2.6.0->-r /home/scur2199/DAVOS/modules/PIDM/requirements.txt (line 8)) (0.6.1)
Requirement already satisfied: werkzeug>=0.11.15 in /gpfs/admin/_hpc/sw/arch/INTEL-AVX512/RHEL8/EB_production/2022/software/Anaconda3/2022.05/lib/python3.9/site-packages (from tensorboard==2.6.0->-r /home/scur2199/DAVOS/modules/PIDM/requirements.txt (line 8)) (2.0.3)
Requirement already satisfied: wheel>=0.26 in /gpfs/admin/_hpc/sw/arch/INTEL-AVX512/RHEL8/EB_production/2022/software/Anaconda3/2022.05/lib/python3.9/site-packages (from tensorboard==2.6.0->-r /home/scur2199/DAVOS/modules/PIDM/requirements.txt (line 8)) (0.37.1)
Requirement already satisfied: google-auth-oauthlib<0.5,>=0.4.1 in /gpfs/home2/scur2199/.local/lib/python3.9/site-packages (from tensorboard==2.6.0->-r /home/scur2199/DAVOS/modules/PIDM/requirements.txt (line 8)) (0.4.6)
Requirement already satisfied: tensorboard-plugin-wit>=1.6.0 in /gpfs/home2/scur2199/.local/lib/python3.9/site-packages (from tensorboard==2.6.0->-r /home/scur2199/DAVOS/modules/PIDM/requirements.txt (line 8)) (1.8.1)
Requirement already satisfied: grpcio>=1.24.3 in /gpfs/admin/_hpc/sw/arch/INTEL-AVX512/RHEL8/EB_production/2022/software/Anaconda3/2022.05/lib/python3.9/site-packages (from tensorboard==2.6.0->-r /home/scur2199/DAVOS/modules/PIDM/requirements.txt (line 8)) (1.42.0)
Requirement already satisfied: typing-extensions>=4.2.0 in /gpfs/home2/scur2199/.local/lib/python3.9/site-packages (from pydantic==1.10.14->-r /home/scur2199/DAVOS/modules/PIDM/requirements.txt (line 10)) (4.11.0)
Requirement already satisfied: setproctitle in /gpfs/home2/scur2199/.local/lib/python3.9/site-packages (from wandb->-r /home/scur2199/DAVOS/modules/PIDM/requirements.txt (line 11)) (1.3.3)
Requirement already satisfied: gitpython!=3.1.29,>=1.0.0 in /gpfs/home2/scur2199/.local/lib/python3.9/site-packages (from wandb->-r /home/scur2199/DAVOS/modules/PIDM/requirements.txt (line 11)) (3.1.43)
Requirement already satisfied: sentry-sdk>=1.0.0 in /gpfs/home2/scur2199/.local/lib/python3.9/site-packages (from wandb->-r /home/scur2199/DAVOS/modules/PIDM/requirements.txt (line 11)) (2.1.1)
Requirement already satisfied: psutil>=5.0.0 in /gpfs/admin/_hpc/sw/arch/INTEL-AVX512/RHEL8/EB_production/2022/software/Anaconda3/2022.05/lib/python3.9/site-packages (from wandb->-r /home/scur2199/DAVOS/modules/PIDM/requirements.txt (line 11)) (5.8.0)
Requirement already satisfied: docker-pycreds>=0.4.0 in /gpfs/home2/scur2199/.local/lib/python3.9/site-packages (from wandb->-r /home/scur2199/DAVOS/modules/PIDM/requirements.txt (line 11)) (0.4.0)
Requirement already satisfied: click!=8.0.0,>=7.1 in /gpfs/admin/_hpc/sw/arch/INTEL-AVX512/RHEL8/EB_production/2022/software/Anaconda3/2022.05/lib/python3.9/site-packages (from wandb->-r /home/scur2199/DAVOS/modules/PIDM/requirements.txt (line 11)) (8.0.4)
Requirement already satisfied: platformdirs in /gpfs/home2/scur2199/.local/lib/python3.9/site-packages (from wandb->-r /home/scur2199/DAVOS/modules/PIDM/requirements.txt (line 11)) (4.2.1)
Requirement already satisfied: torch>=1.1 in /gpfs/home2/scur2199/.local/lib/python3.9/site-packages (from tensorfn->-r /home/scur2199/DAVOS/modules/PIDM/requirements.txt (line 12)) (2.3.0)
Requirement already satisfied: rich in /gpfs/home2/scur2199/.local/lib/python3.9/site-packages (from tensorfn->-r /home/scur2199/DAVOS/modules/PIDM/requirements.txt (line 12)) (13.7.1)
Requirement already satisfied: termcolor in /gpfs/home2/scur2199/.local/lib/python3.9/site-packages (from tensorfn->-r /home/scur2199/DAVOS/modules/PIDM/requirements.txt (line 12)) (2.4.0)
Requirement already satisfied: pyhocon>=0.3.54 in /gpfs/home2/scur2199/.local/lib/python3.9/site-packages (from tensorfn->-r /home/scur2199/DAVOS/modules/PIDM/requirements.txt (line 12)) (0.3.60)
Requirement already satisfied: boto3 in /gpfs/admin/_hpc/sw/arch/INTEL-AVX512/RHEL8/EB_production/2022/software/Anaconda3/2022.05/lib/python3.9/site-packages (from tensorfn->-r /home/scur2199/DAVOS/modules/PIDM/requirements.txt (line 12)) (1.21.32)
Requirement already satisfied: six>=1.4.0 in /gpfs/admin/_hpc/sw/arch/INTEL-AVX512/RHEL8/EB_production/2022/software/Anaconda3/2022.05/lib/python3.9/site-packages (from docker-pycreds>=0.4.0->wandb->-r /home/scur2199/DAVOS/modules/PIDM/requirements.txt (line 11)) (1.16.0)
Requirement already satisfied: gitdb<5,>=4.0.1 in /gpfs/home2/scur2199/.local/lib/python3.9/site-packages (from gitpython!=3.1.29,>=1.0.0->wandb->-r /home/scur2199/DAVOS/modules/PIDM/requirements.txt (line 11)) (4.0.11)
Requirement already satisfied: smmap<6,>=3.0.1 in /gpfs/home2/scur2199/.local/lib/python3.9/site-packages (from gitdb<5,>=4.0.1->gitpython!=3.1.29,>=1.0.0->wandb->-r /home/scur2199/DAVOS/modules/PIDM/requirements.txt (line 11)) (5.0.1)
Requirement already satisfied: rsa<5,>=3.1.4 in /gpfs/admin/_hpc/sw/arch/INTEL-AVX512/RHEL8/EB_production/2022/software/Anaconda3/2022.05/lib/python3.9/site-packages (from google-auth<2,>=1.6.3->tensorboard==2.6.0->-r /home/scur2199/DAVOS/modules/PIDM/requirements.txt (line 8)) (4.7.2)
Requirement already satisfied: cachetools<5.0,>=2.0.0 in /gpfs/admin/_hpc/sw/arch/INTEL-AVX512/RHEL8/EB_production/2022/software/Anaconda3/2022.05/lib/python3.9/site-packages (from google-auth<2,>=1.6.3->tensorboard==2.6.0->-r /home/scur2199/DAVOS/modules/PIDM/requirements.txt (line 8)) (4.2.2)
Requirement already satisfied: pyasn1-modules>=0.2.1 in /gpfs/admin/_hpc/sw/arch/INTEL-AVX512/RHEL8/EB_production/2022/software/Anaconda3/2022.05/lib/python3.9/site-packages (from google-auth<2,>=1.6.3->tensorboard==2.6.0->-r /home/scur2199/DAVOS/modules/PIDM/requirements.txt (line 8)) (0.2.8)
Requirement already satisfied: requests-oauthlib>=0.7.0 in /gpfs/home2/scur2199/.local/lib/python3.9/site-packages (from google-auth-oauthlib<0.5,>=0.4.1->tensorboard==2.6.0->-r /home/scur2199/DAVOS/modules/PIDM/requirements.txt (line 8)) (2.0.0)
Requirement already satisfied: kiwisolver>=1.0.1 in /gpfs/admin/_hpc/sw/arch/INTEL-AVX512/RHEL8/EB_production/2022/software/Anaconda3/2022.05/lib/python3.9/site-packages (from matplotlib!=3.0.0,>=2.0.0->scikit-image==0.17.2->-r /home/scur2199/DAVOS/modules/PIDM/requirements.txt (line 6)) (1.3.2)
Requirement already satisfied: cycler>=0.10 in /gpfs/admin/_hpc/sw/arch/INTEL-AVX512/RHEL8/EB_production/2022/software/Anaconda3/2022.05/lib/python3.9/site-packages (from matplotlib!=3.0.0,>=2.0.0->scikit-image==0.17.2->-r /home/scur2199/DAVOS/modules/PIDM/requirements.txt (line 6)) (0.11.0)
Requirement already satisfied: python-dateutil>=2.7 in /gpfs/admin/_hpc/sw/arch/INTEL-AVX512/RHEL8/EB_production/2022/software/Anaconda3/2022.05/lib/python3.9/site-packages (from matplotlib!=3.0.0,>=2.0.0->scikit-image==0.17.2->-r /home/scur2199/DAVOS/modules/PIDM/requirements.txt (line 6)) (2.8.2)
Requirement already satisfied: packaging>=20.0 in /gpfs/admin/_hpc/sw/arch/INTEL-AVX512/RHEL8/EB_production/2022/software/Anaconda3/2022.05/lib/python3.9/site-packages (from matplotlib!=3.0.0,>=2.0.0->scikit-image==0.17.2->-r /home/scur2199/DAVOS/modules/PIDM/requirements.txt (line 6)) (21.3)
Requirement already satisfied: fonttools>=4.22.0 in /gpfs/admin/_hpc/sw/arch/INTEL-AVX512/RHEL8/EB_production/2022/software/Anaconda3/2022.05/lib/python3.9/site-packages (from matplotlib!=3.0.0,>=2.0.0->scikit-image==0.17.2->-r /home/scur2199/DAVOS/modules/PIDM/requirements.txt (line 6)) (4.25.0)
Requirement already satisfied: pyparsing>=2.2.1 in /gpfs/admin/_hpc/sw/arch/INTEL-AVX512/RHEL8/EB_production/2022/software/Anaconda3/2022.05/lib/python3.9/site-packages (from matplotlib!=3.0.0,>=2.0.0->scikit-image==0.17.2->-r /home/scur2199/DAVOS/modules/PIDM/requirements.txt (line 6)) (3.0.4)
Requirement already satisfied: pyasn1<0.5.0,>=0.4.6 in /gpfs/admin/_hpc/sw/arch/INTEL-AVX512/RHEL8/EB_production/2022/software/Anaconda3/2022.05/lib/python3.9/site-packages (from pyasn1-modules>=0.2.1->google-auth<2,>=1.6.3->tensorboard==2.6.0->-r /home/scur2199/DAVOS/modules/PIDM/requirements.txt (line 8)) (0.4.8)
Requirement already satisfied: charset-normalizer~=2.0.0 in /gpfs/admin/_hpc/sw/arch/INTEL-AVX512/RHEL8/EB_production/2022/software/Anaconda3/2022.05/lib/python3.9/site-packages (from requests<3,>=2.21.0->tensorboard==2.6.0->-r /home/scur2199/DAVOS/modules/PIDM/requirements.txt (line 8)) (2.0.4)
Requirement already satisfied: urllib3<1.27,>=1.21.1 in /gpfs/home2/scur2199/.local/lib/python3.9/site-packages (from requests<3,>=2.21.0->tensorboard==2.6.0->-r /home/scur2199/DAVOS/modules/PIDM/requirements.txt (line 8)) (1.26.18)
Requirement already satisfied: certifi>=2017.4.17 in /gpfs/admin/_hpc/sw/arch/INTEL-AVX512/RHEL8/EB_production/2022/software/Anaconda3/2022.05/lib/python3.9/site-packages (from requests<3,>=2.21.0->tensorboard==2.6.0->-r /home/scur2199/DAVOS/modules/PIDM/requirements.txt (line 8)) (2021.10.8)
Requirement already satisfied: idna<4,>=2.5 in /gpfs/admin/_hpc/sw/arch/INTEL-AVX512/RHEL8/EB_production/2022/software/Anaconda3/2022.05/lib/python3.9/site-packages (from requests<3,>=2.21.0->tensorboard==2.6.0->-r /home/scur2199/DAVOS/modules/PIDM/requirements.txt (line 8)) (3.3)
Requirement already satisfied: oauthlib>=3.0.0 in /gpfs/home2/scur2199/.local/lib/python3.9/site-packages (from requests-oauthlib>=0.7.0->google-auth-oauthlib<0.5,>=0.4.1->tensorboard==2.6.0->-r /home/scur2199/DAVOS/modules/PIDM/requirements.txt (line 8)) (3.2.2)
Requirement already satisfied: jinja2 in /gpfs/admin/_hpc/sw/arch/INTEL-AVX512/RHEL8/EB_production/2022/software/Anaconda3/2022.05/lib/python3.9/site-packages (from torch>=1.1->tensorfn->-r /home/scur2199/DAVOS/modules/PIDM/requirements.txt (line 12)) (2.11.3)
Requirement already satisfied: nvidia-cuda-cupti-cu12==12.1.105 in /gpfs/home2/scur2199/.local/lib/python3.9/site-packages (from torch>=1.1->tensorfn->-r /home/scur2199/DAVOS/modules/PIDM/requirements.txt (line 12)) (12.1.105)
Requirement already satisfied: filelock in /gpfs/admin/_hpc/sw/arch/INTEL-AVX512/RHEL8/EB_production/2022/software/Anaconda3/2022.05/lib/python3.9/site-packages (from torch>=1.1->tensorfn->-r /home/scur2199/DAVOS/modules/PIDM/requirements.txt (line 12)) (3.6.0)
Requirement already satisfied: nvidia-cublas-cu12==12.1.3.1 in /gpfs/home2/scur2199/.local/lib/python3.9/site-packages (from torch>=1.1->tensorfn->-r /home/scur2199/DAVOS/modules/PIDM/requirements.txt (line 12)) (12.1.3.1)
Requirement already satisfied: nvidia-cuda-runtime-cu12==12.1.105 in /gpfs/home2/scur2199/.local/lib/python3.9/site-packages (from torch>=1.1->tensorfn->-r /home/scur2199/DAVOS/modules/PIDM/requirements.txt (line 12)) (12.1.105)
Requirement already satisfied: sympy in /gpfs/admin/_hpc/sw/arch/INTEL-AVX512/RHEL8/EB_production/2022/software/Anaconda3/2022.05/lib/python3.9/site-packages (from torch>=1.1->tensorfn->-r /home/scur2199/DAVOS/modules/PIDM/requirements.txt (line 12)) (1.10.1)
Requirement already satisfied: nvidia-cufft-cu12==11.0.2.54 in /gpfs/home2/scur2199/.local/lib/python3.9/site-packages (from torch>=1.1->tensorfn->-r /home/scur2199/DAVOS/modules/PIDM/requirements.txt (line 12)) (11.0.2.54)
Requirement already satisfied: nvidia-cusolver-cu12==11.4.5.107 in /gpfs/home2/scur2199/.local/lib/python3.9/site-packages (from torch>=1.1->tensorfn->-r /home/scur2199/DAVOS/modules/PIDM/requirements.txt (line 12)) (11.4.5.107)
Requirement already satisfied: nvidia-cusparse-cu12==12.1.0.106 in /gpfs/home2/scur2199/.local/lib/python3.9/site-packages (from torch>=1.1->tensorfn->-r /home/scur2199/DAVOS/modules/PIDM/requirements.txt (line 12)) (12.1.0.106)
Requirement already satisfied: nvidia-nccl-cu12==2.20.5 in /gpfs/home2/scur2199/.local/lib/python3.9/site-packages (from torch>=1.1->tensorfn->-r /home/scur2199/DAVOS/modules/PIDM/requirements.txt (line 12)) (2.20.5)
Requirement already satisfied: triton==2.3.0 in /gpfs/home2/scur2199/.local/lib/python3.9/site-packages (from torch>=1.1->tensorfn->-r /home/scur2199/DAVOS/modules/PIDM/requirements.txt (line 12)) (2.3.0)
Requirement already satisfied: nvidia-nvtx-cu12==12.1.105 in /gpfs/home2/scur2199/.local/lib/python3.9/site-packages (from torch>=1.1->tensorfn->-r /home/scur2199/DAVOS/modules/PIDM/requirements.txt (line 12)) (12.1.105)
Requirement already satisfied: nvidia-curand-cu12==10.3.2.106 in /gpfs/home2/scur2199/.local/lib/python3.9/site-packages (from torch>=1.1->tensorfn->-r /home/scur2199/DAVOS/modules/PIDM/requirements.txt (line 12)) (10.3.2.106)
Requirement already satisfied: nvidia-cuda-nvrtc-cu12==12.1.105 in /gpfs/home2/scur2199/.local/lib/python3.9/site-packages (from torch>=1.1->tensorfn->-r /home/scur2199/DAVOS/modules/PIDM/requirements.txt (line 12)) (12.1.105)
Requirement already satisfied: nvidia-cudnn-cu12==8.9.2.26 in /gpfs/home2/scur2199/.local/lib/python3.9/site-packages (from torch>=1.1->tensorfn->-r /home/scur2199/DAVOS/modules/PIDM/requirements.txt (line 12)) (8.9.2.26)
Requirement already satisfied: fsspec in /gpfs/admin/_hpc/sw/arch/INTEL-AVX512/RHEL8/EB_production/2022/software/Anaconda3/2022.05/lib/python3.9/site-packages (from torch>=1.1->tensorfn->-r /home/scur2199/DAVOS/modules/PIDM/requirements.txt (line 12)) (2022.2.0)
Requirement already satisfied: nvidia-nvjitlink-cu12 in /gpfs/home2/scur2199/.local/lib/python3.9/site-packages (from nvidia-cusolver-cu12==11.4.5.107->torch>=1.1->tensorfn->-r /home/scur2199/DAVOS/modules/PIDM/requirements.txt (line 12)) (12.4.127)
Requirement already satisfied: botocore<1.25.0,>=1.24.32 in /gpfs/admin/_hpc/sw/arch/INTEL-AVX512/RHEL8/EB_production/2022/software/Anaconda3/2022.05/lib/python3.9/site-packages (from boto3->tensorfn->-r /home/scur2199/DAVOS/modules/PIDM/requirements.txt (line 12)) (1.24.32)
Requirement already satisfied: s3transfer<0.6.0,>=0.5.0 in /gpfs/admin/_hpc/sw/arch/INTEL-AVX512/RHEL8/EB_production/2022/software/Anaconda3/2022.05/lib/python3.9/site-packages (from boto3->tensorfn->-r /home/scur2199/DAVOS/modules/PIDM/requirements.txt (line 12)) (0.5.0)
Requirement already satisfied: jmespath<2.0.0,>=0.7.1 in /gpfs/admin/_hpc/sw/arch/INTEL-AVX512/RHEL8/EB_production/2022/software/Anaconda3/2022.05/lib/python3.9/site-packages (from boto3->tensorfn->-r /home/scur2199/DAVOS/modules/PIDM/requirements.txt (line 12)) (0.10.0)
Requirement already satisfied: MarkupSafe>=0.23 in /gpfs/admin/_hpc/sw/arch/INTEL-AVX512/RHEL8/EB_production/2022/software/Anaconda3/2022.05/lib/python3.9/site-packages (from jinja2->torch>=1.1->tensorfn->-r /home/scur2199/DAVOS/modules/PIDM/requirements.txt (line 12)) (2.0.1)
Requirement already satisfied: pygments<3.0.0,>=2.13.0 in /gpfs/home2/scur2199/.local/lib/python3.9/site-packages (from rich->tensorfn->-r /home/scur2199/DAVOS/modules/PIDM/requirements.txt (line 12)) (2.18.0)
Requirement already satisfied: markdown-it-py>=2.2.0 in /gpfs/home2/scur2199/.local/lib/python3.9/site-packages (from rich->tensorfn->-r /home/scur2199/DAVOS/modules/PIDM/requirements.txt (line 12)) (3.0.0)
Requirement already satisfied: mdurl~=0.1 in /gpfs/home2/scur2199/.local/lib/python3.9/site-packages (from markdown-it-py>=2.2.0->rich->tensorfn->-r /home/scur2199/DAVOS/modules/PIDM/requirements.txt (line 12)) (0.1.2)
Requirement already satisfied: mpmath>=0.19 in /gpfs/admin/_hpc/sw/arch/INTEL-AVX512/RHEL8/EB_production/2022/software/Anaconda3/2022.05/lib/python3.9/site-packages (from sympy->torch>=1.1->tensorfn->-r /home/scur2199/DAVOS/modules/PIDM/requirements.txt (line 12)) (1.2.1)
Finished!

JOB STATISTICS
==============
Job ID: 6217273
Cluster: snellius
User/Group: scur2199/scur2199
State: RUNNING
Nodes: 1
Cores per node: 9
CPU Utilized: 00:04:06
CPU Efficiency: 10.16% of 00:40:21 core-walltime
Job Wall-clock time: 00:04:29
Memory Utilized: 983.74 MB
Memory Efficiency: 1.67% of 57.62 GB
WARNING: Efficiency statistics may be misleading for RUNNING jobs.
