Collecting package metadata (current_repodata.json): ...working... done
Solving environment: ...working... failed with repodata from current_repodata.json, will retry with next repodata source.
Collecting package metadata (repodata.json): ...working... done
Solving environment: ...working... done

## Package Plan ##

  environment location: /home/scur2199/.conda/envs/PIDM

  added / updated specs:
    - python=3.7


The following NEW packages will be INSTALLED:

  _libgcc_mutex      pkgs/main/linux-64::_libgcc_mutex-0.1-main
  _openmp_mutex      pkgs/main/linux-64::_openmp_mutex-5.1-1_gnu
  ca-certificates    pkgs/main/linux-64::ca-certificates-2024.3.11-h06a4308_0
  certifi            pkgs/main/linux-64::certifi-2022.12.7-py37h06a4308_0
  ld_impl_linux-64   pkgs/main/linux-64::ld_impl_linux-64-2.38-h1181459_1
  libffi             pkgs/main/linux-64::libffi-3.4.4-h6a678d5_1
  libgcc-ng          pkgs/main/linux-64::libgcc-ng-11.2.0-h1234567_1
  libgomp            pkgs/main/linux-64::libgomp-11.2.0-h1234567_1
  libstdcxx-ng       pkgs/main/linux-64::libstdcxx-ng-11.2.0-h1234567_1
  ncurses            pkgs/main/linux-64::ncurses-6.4-h6a678d5_0
  openssl            pkgs/main/linux-64::openssl-1.1.1w-h7f8727e_0
  pip                pkgs/main/linux-64::pip-22.3.1-py37h06a4308_0
  python             pkgs/main/linux-64::python-3.7.16-h7a1cb2a_0
  readline           pkgs/main/linux-64::readline-8.2-h5eee18b_0
  setuptools         pkgs/main/linux-64::setuptools-65.6.3-py37h06a4308_0
  sqlite             pkgs/main/linux-64::sqlite-3.45.3-h5eee18b_0
  tk                 pkgs/main/linux-64::tk-8.6.14-h39e8969_0
  wheel              pkgs/main/linux-64::wheel-0.38.4-py37h06a4308_0
  xz                 pkgs/main/linux-64::xz-5.4.6-h5eee18b_1
  zlib               pkgs/main/linux-64::zlib-1.2.13-h5eee18b_1


Proceed ([y]/n)? 
Preparing transaction: ...working... done
Verifying transaction: ...working... done
Executing transaction: ...working... done
#
# To activate this environment, use
#
#     $ conda activate PIDM
#
# To deactivate an active environment, use
#
#     $ conda deactivate

Collecting package metadata (current_repodata.json): ...working... done
Solving environment: ...working... failed with initial frozen solve. Retrying with flexible solve.
Solving environment: ...working... failed with repodata from current_repodata.json, will retry with next repodata source.
Collecting package metadata (repodata.json): ...working... done
Solving environment: ...working... done

## Package Plan ##

  environment location: /sw/arch/RHEL8/EB_production/2022/software/Anaconda3/2022.05

  added / updated specs:
    - cudatoolkit=11.1
    - pytorch
    - torchaudio
    - torchvision


The following NEW packages will be INSTALLED:

  cuda-cudart        nvidia/linux-64::cuda-cudart-11.8.89-0
  cuda-cupti         nvidia/linux-64::cuda-cupti-11.8.87-0
  cuda-libraries     nvidia/linux-64::cuda-libraries-11.8.0-0
  cuda-nvrtc         nvidia/linux-64::cuda-nvrtc-11.8.89-0
  cuda-nvtx          nvidia/linux-64::cuda-nvtx-11.8.86-0
  cuda-runtime       nvidia/linux-64::cuda-runtime-11.8.0-0
  cudatoolkit        nvidia/linux-64::cudatoolkit-11.1.74-h6bb024c_0
  ffmpeg             pytorch/linux-64::ffmpeg-4.3-hf484d3e_0
  gnutls             pkgs/main/linux-64::gnutls-3.6.15-he1e5248_0
  lame               pkgs/main/linux-64::lame-3.100-h7b6447c_0
  libcublas          nvidia/linux-64::libcublas-11.11.3.6-0
  libcufft           nvidia/linux-64::libcufft-10.9.0.58-0
  libcufile          nvidia/linux-64::libcufile-1.9.1.3-0
  libcurand          nvidia/linux-64::libcurand-10.3.5.147-0
  libcusolver        nvidia/linux-64::libcusolver-11.4.1.48-0
  libcusparse        nvidia/linux-64::libcusparse-11.7.5.86-0
  libiconv           pkgs/main/linux-64::libiconv-1.16-h7f8727e_2
  libnpp             nvidia/linux-64::libnpp-11.8.0.86-0
  libnvjpeg          nvidia/linux-64::libnvjpeg-11.9.0.86-0
  libtasn1           pkgs/main/linux-64::libtasn1-4.16.0-h27cfd23_0
  nettle             pkgs/main/linux-64::nettle-3.7.3-hbbd107a_1
  openh264           pkgs/main/linux-64::openh264-2.1.1-h4ff587b_0
  pytorch            pytorch/linux-64::pytorch-2.0.1-py3.9_cuda11.8_cudnn8.7.0_0
  pytorch-cuda       pytorch/linux-64::pytorch-cuda-11.8-h7e8668a_5
  pytorch-mutex      pytorch/noarch::pytorch-mutex-1.0-cuda
  torchaudio         pytorch/linux-64::torchaudio-2.0.2-py39_cu118
  torchtriton        pytorch/linux-64::torchtriton-2.0.0-py39
  torchvision        pytorch/linux-64::torchvision-0.15.2-py39_cu118


Proceed ([y]/n)? 
Preparing transaction: ...working... done
Verifying transaction: ...working... failed
Defaulting to user installation because normal site-packages is not writeable
Collecting imageio==2.10.3
  Using cached imageio-2.10.3-py3-none-any.whl (3.3 MB)
Collecting lmdb==1.2.1
  Downloading lmdb-1.2.1-cp39-cp39-manylinux2010_x86_64.whl (306 kB)
Collecting opencv-python==4.5.4.58
  Downloading opencv_python-4.5.4.58-cp39-cp39-manylinux_2_17_x86_64.manylinux2014_x86_64.whl (60.3 MB)
Collecting Pillow==8.3.2
  Downloading Pillow-8.3.2-cp39-cp39-manylinux_2_17_x86_64.manylinux2014_x86_64.whl (3.0 MB)
Collecting PyYAML==5.4.1
  Downloading PyYAML-5.4.1-cp39-cp39-manylinux1_x86_64.whl (630 kB)
Collecting scikit-image==0.17.2
  Downloading scikit-image-0.17.2.tar.gz (29.8 MB)
Collecting scipy==1.5.4
  Downloading scipy-1.5.4-cp39-cp39-manylinux1_x86_64.whl (25.8 MB)
Collecting tensorboard==2.6.0
  Using cached tensorboard-2.6.0-py3-none-any.whl (5.6 MB)
Collecting tqdm==4.62.3
  Using cached tqdm-4.62.3-py2.py3-none-any.whl (76 kB)
Collecting pydantic==1.10.14
  Downloading pydantic-1.10.14-cp39-cp39-manylinux_2_17_x86_64.manylinux2014_x86_64.whl (3.2 MB)
Collecting wandb
  Using cached wandb-0.17.0-py3-none-manylinux_2_5_x86_64.manylinux1_x86_64.manylinux_2_17_x86_64.manylinux2014_x86_64.whl (6.7 MB)
Collecting tensorfn
  Using cached tensorfn-0.1.28-py3-none-any.whl (51 kB)
Collecting protobuf==3.20.0
  Downloading protobuf-3.20.0-cp39-cp39-manylinux_2_5_x86_64.manylinux1_x86_64.whl (1.0 MB)
Requirement already satisfied: numpy in /gpfs/admin/_hpc/sw/arch/INTEL-AVX512/RHEL8/EB_production/2022/software/Anaconda3/2022.05/lib/python3.9/site-packages (from imageio==2.10.3->-r /home/scur2199/DAVOS/modules/PIDM/requirements.txt (line 1)) (1.21.5)
Requirement already satisfied: matplotlib!=3.0.0,>=2.0.0 in /gpfs/admin/_hpc/sw/arch/INTEL-AVX512/RHEL8/EB_production/2022/software/Anaconda3/2022.05/lib/python3.9/site-packages (from scikit-image==0.17.2->-r /home/scur2199/DAVOS/modules/PIDM/requirements.txt (line 6)) (3.5.1)
Requirement already satisfied: networkx>=2.0 in /gpfs/admin/_hpc/sw/arch/INTEL-AVX512/RHEL8/EB_production/2022/software/Anaconda3/2022.05/lib/python3.9/site-packages (from scikit-image==0.17.2->-r /home/scur2199/DAVOS/modules/PIDM/requirements.txt (line 6)) (2.7.1)
Requirement already satisfied: tifffile>=2019.7.26 in /gpfs/admin/_hpc/sw/arch/INTEL-AVX512/RHEL8/EB_production/2022/software/Anaconda3/2022.05/lib/python3.9/site-packages (from scikit-image==0.17.2->-r /home/scur2199/DAVOS/modules/PIDM/requirements.txt (line 6)) (2021.7.2)
Requirement already satisfied: PyWavelets>=1.1.1 in /gpfs/admin/_hpc/sw/arch/INTEL-AVX512/RHEL8/EB_production/2022/software/Anaconda3/2022.05/lib/python3.9/site-packages (from scikit-image==0.17.2->-r /home/scur2199/DAVOS/modules/PIDM/requirements.txt (line 6)) (1.3.0)
Requirement already satisfied: google-auth<2,>=1.6.3 in /gpfs/admin/_hpc/sw/arch/INTEL-AVX512/RHEL8/EB_production/2022/software/Anaconda3/2022.05/lib/python3.9/site-packages (from tensorboard==2.6.0->-r /home/scur2199/DAVOS/modules/PIDM/requirements.txt (line 8)) (1.33.0)
Requirement already satisfied: requests<3,>=2.21.0 in /gpfs/admin/_hpc/sw/arch/INTEL-AVX512/RHEL8/EB_production/2022/software/Anaconda3/2022.05/lib/python3.9/site-packages (from tensorboard==2.6.0->-r /home/scur2199/DAVOS/modules/PIDM/requirements.txt (line 8)) (2.27.1)
Collecting tensorboard-plugin-wit>=1.6.0
  Using cached tensorboard_plugin_wit-1.8.1-py3-none-any.whl (781 kB)
Collecting absl-py>=0.4
  Using cached absl_py-2.1.0-py3-none-any.whl (133 kB)
Requirement already satisfied: setuptools>=41.0.0 in /gpfs/admin/_hpc/sw/arch/INTEL-AVX512/RHEL8/EB_production/2022/software/Anaconda3/2022.05/lib/python3.9/site-packages (from tensorboard==2.6.0->-r /home/scur2199/DAVOS/modules/PIDM/requirements.txt (line 8)) (61.2.0)
Requirement already satisfied: werkzeug>=0.11.15 in /gpfs/admin/_hpc/sw/arch/INTEL-AVX512/RHEL8/EB_production/2022/software/Anaconda3/2022.05/lib/python3.9/site-packages (from tensorboard==2.6.0->-r /home/scur2199/DAVOS/modules/PIDM/requirements.txt (line 8)) (2.0.3)
Collecting google-auth-oauthlib<0.5,>=0.4.1
  Using cached google_auth_oauthlib-0.4.6-py2.py3-none-any.whl (18 kB)
Collecting tensorboard-data-server<0.7.0,>=0.6.0
  Using cached tensorboard_data_server-0.6.1-py3-none-manylinux2010_x86_64.whl (4.9 MB)
Requirement already satisfied: grpcio>=1.24.3 in /gpfs/admin/_hpc/sw/arch/INTEL-AVX512/RHEL8/EB_production/2022/software/Anaconda3/2022.05/lib/python3.9/site-packages (from tensorboard==2.6.0->-r /home/scur2199/DAVOS/modules/PIDM/requirements.txt (line 8)) (1.42.0)
Requirement already satisfied: markdown>=2.6.8 in /gpfs/admin/_hpc/sw/arch/INTEL-AVX512/RHEL8/EB_production/2022/software/Anaconda3/2022.05/lib/python3.9/site-packages (from tensorboard==2.6.0->-r /home/scur2199/DAVOS/modules/PIDM/requirements.txt (line 8)) (3.3.4)
Requirement already satisfied: wheel>=0.26 in /gpfs/admin/_hpc/sw/arch/INTEL-AVX512/RHEL8/EB_production/2022/software/Anaconda3/2022.05/lib/python3.9/site-packages (from tensorboard==2.6.0->-r /home/scur2199/DAVOS/modules/PIDM/requirements.txt (line 8)) (0.37.1)
Collecting typing-extensions>=4.2.0
  Downloading typing_extensions-4.11.0-py3-none-any.whl (34 kB)
Collecting docker-pycreds>=0.4.0
  Using cached docker_pycreds-0.4.0-py2.py3-none-any.whl (9.0 kB)
Requirement already satisfied: psutil>=5.0.0 in /gpfs/admin/_hpc/sw/arch/INTEL-AVX512/RHEL8/EB_production/2022/software/Anaconda3/2022.05/lib/python3.9/site-packages (from wandb->-r /home/scur2199/DAVOS/modules/PIDM/requirements.txt (line 11)) (5.8.0)
Collecting sentry-sdk>=1.0.0
  Using cached sentry_sdk-2.1.1-py2.py3-none-any.whl (277 kB)
Collecting setproctitle
  Downloading setproctitle-1.3.3-cp39-cp39-manylinux_2_5_x86_64.manylinux1_x86_64.manylinux_2_17_x86_64.manylinux2014_x86_64.whl (30 kB)
Collecting platformdirs
  Downloading platformdirs-4.2.1-py3-none-any.whl (17 kB)
Collecting gitpython!=3.1.29,>=1.0.0
  Using cached GitPython-3.1.43-py3-none-any.whl (207 kB)
Requirement already satisfied: click!=8.0.0,>=7.1 in /gpfs/admin/_hpc/sw/arch/INTEL-AVX512/RHEL8/EB_production/2022/software/Anaconda3/2022.05/lib/python3.9/site-packages (from wandb->-r /home/scur2199/DAVOS/modules/PIDM/requirements.txt (line 11)) (8.0.4)
Requirement already satisfied: tabulate in /gpfs/admin/_hpc/sw/arch/INTEL-AVX512/RHEL8/EB_production/2022/software/Anaconda3/2022.05/lib/python3.9/site-packages (from tensorfn->-r /home/scur2199/DAVOS/modules/PIDM/requirements.txt (line 12)) (0.8.9)
Collecting termcolor
  Downloading termcolor-2.4.0-py3-none-any.whl (7.7 kB)
Collecting pyhocon>=0.3.54
  Using cached pyhocon-0.3.60.tar.gz (158 kB)
Collecting rich
  Using cached rich-13.7.1-py3-none-any.whl (240 kB)
Collecting torch>=1.1
  Downloading torch-2.3.0-cp39-cp39-manylinux1_x86_64.whl (779.1 MB)
Requirement already satisfied: boto3 in /gpfs/admin/_hpc/sw/arch/INTEL-AVX512/RHEL8/EB_production/2022/software/Anaconda3/2022.05/lib/python3.9/site-packages (from tensorfn->-r /home/scur2199/DAVOS/modules/PIDM/requirements.txt (line 12)) (1.21.32)
Requirement already satisfied: six>=1.4.0 in /gpfs/admin/_hpc/sw/arch/INTEL-AVX512/RHEL8/EB_production/2022/software/Anaconda3/2022.05/lib/python3.9/site-packages (from docker-pycreds>=0.4.0->wandb->-r /home/scur2199/DAVOS/modules/PIDM/requirements.txt (line 11)) (1.16.0)
Collecting gitdb<5,>=4.0.1
  Using cached gitdb-4.0.11-py3-none-any.whl (62 kB)
Collecting smmap<6,>=3.0.1
  Using cached smmap-5.0.1-py3-none-any.whl (24 kB)
Requirement already satisfied: rsa<5,>=3.1.4 in /gpfs/admin/_hpc/sw/arch/INTEL-AVX512/RHEL8/EB_production/2022/software/Anaconda3/2022.05/lib/python3.9/site-packages (from google-auth<2,>=1.6.3->tensorboard==2.6.0->-r /home/scur2199/DAVOS/modules/PIDM/requirements.txt (line 8)) (4.7.2)
Requirement already satisfied: pyasn1-modules>=0.2.1 in /gpfs/admin/_hpc/sw/arch/INTEL-AVX512/RHEL8/EB_production/2022/software/Anaconda3/2022.05/lib/python3.9/site-packages (from google-auth<2,>=1.6.3->tensorboard==2.6.0->-r /home/scur2199/DAVOS/modules/PIDM/requirements.txt (line 8)) (0.2.8)
Requirement already satisfied: cachetools<5.0,>=2.0.0 in /gpfs/admin/_hpc/sw/arch/INTEL-AVX512/RHEL8/EB_production/2022/software/Anaconda3/2022.05/lib/python3.9/site-packages (from google-auth<2,>=1.6.3->tensorboard==2.6.0->-r /home/scur2199/DAVOS/modules/PIDM/requirements.txt (line 8)) (4.2.2)
Collecting requests-oauthlib>=0.7.0
  Using cached requests_oauthlib-2.0.0-py2.py3-none-any.whl (24 kB)
Requirement already satisfied: packaging>=20.0 in /gpfs/admin/_hpc/sw/arch/INTEL-AVX512/RHEL8/EB_production/2022/software/Anaconda3/2022.05/lib/python3.9/site-packages (from matplotlib!=3.0.0,>=2.0.0->scikit-image==0.17.2->-r /home/scur2199/DAVOS/modules/PIDM/requirements.txt (line 6)) (21.3)
Requirement already satisfied: pyparsing>=2.2.1 in /gpfs/admin/_hpc/sw/arch/INTEL-AVX512/RHEL8/EB_production/2022/software/Anaconda3/2022.05/lib/python3.9/site-packages (from matplotlib!=3.0.0,>=2.0.0->scikit-image==0.17.2->-r /home/scur2199/DAVOS/modules/PIDM/requirements.txt (line 6)) (3.0.4)
Requirement already satisfied: kiwisolver>=1.0.1 in /gpfs/admin/_hpc/sw/arch/INTEL-AVX512/RHEL8/EB_production/2022/software/Anaconda3/2022.05/lib/python3.9/site-packages (from matplotlib!=3.0.0,>=2.0.0->scikit-image==0.17.2->-r /home/scur2199/DAVOS/modules/PIDM/requirements.txt (line 6)) (1.3.2)
Requirement already satisfied: cycler>=0.10 in /gpfs/admin/_hpc/sw/arch/INTEL-AVX512/RHEL8/EB_production/2022/software/Anaconda3/2022.05/lib/python3.9/site-packages (from matplotlib!=3.0.0,>=2.0.0->scikit-image==0.17.2->-r /home/scur2199/DAVOS/modules/PIDM/requirements.txt (line 6)) (0.11.0)
Requirement already satisfied: fonttools>=4.22.0 in /gpfs/admin/_hpc/sw/arch/INTEL-AVX512/RHEL8/EB_production/2022/software/Anaconda3/2022.05/lib/python3.9/site-packages (from matplotlib!=3.0.0,>=2.0.0->scikit-image==0.17.2->-r /home/scur2199/DAVOS/modules/PIDM/requirements.txt (line 6)) (4.25.0)
Requirement already satisfied: python-dateutil>=2.7 in /gpfs/admin/_hpc/sw/arch/INTEL-AVX512/RHEL8/EB_production/2022/software/Anaconda3/2022.05/lib/python3.9/site-packages (from matplotlib!=3.0.0,>=2.0.0->scikit-image==0.17.2->-r /home/scur2199/DAVOS/modules/PIDM/requirements.txt (line 6)) (2.8.2)
Requirement already satisfied: pyasn1<0.5.0,>=0.4.6 in /gpfs/admin/_hpc/sw/arch/INTEL-AVX512/RHEL8/EB_production/2022/software/Anaconda3/2022.05/lib/python3.9/site-packages (from pyasn1-modules>=0.2.1->google-auth<2,>=1.6.3->tensorboard==2.6.0->-r /home/scur2199/DAVOS/modules/PIDM/requirements.txt (line 8)) (0.4.8)
Requirement already satisfied: charset-normalizer~=2.0.0 in /gpfs/admin/_hpc/sw/arch/INTEL-AVX512/RHEL8/EB_production/2022/software/Anaconda3/2022.05/lib/python3.9/site-packages (from requests<3,>=2.21.0->tensorboard==2.6.0->-r /home/scur2199/DAVOS/modules/PIDM/requirements.txt (line 8)) (2.0.4)
Requirement already satisfied: certifi>=2017.4.17 in /gpfs/admin/_hpc/sw/arch/INTEL-AVX512/RHEL8/EB_production/2022/software/Anaconda3/2022.05/lib/python3.9/site-packages (from requests<3,>=2.21.0->tensorboard==2.6.0->-r /home/scur2199/DAVOS/modules/PIDM/requirements.txt (line 8)) (2021.10.8)
Requirement already satisfied: urllib3<1.27,>=1.21.1 in /gpfs/admin/_hpc/sw/arch/INTEL-AVX512/RHEL8/EB_production/2022/software/Anaconda3/2022.05/lib/python3.9/site-packages (from requests<3,>=2.21.0->tensorboard==2.6.0->-r /home/scur2199/DAVOS/modules/PIDM/requirements.txt (line 8)) (1.26.9)
Requirement already satisfied: idna<4,>=2.5 in /gpfs/admin/_hpc/sw/arch/INTEL-AVX512/RHEL8/EB_production/2022/software/Anaconda3/2022.05/lib/python3.9/site-packages (from requests<3,>=2.21.0->tensorboard==2.6.0->-r /home/scur2199/DAVOS/modules/PIDM/requirements.txt (line 8)) (3.3)
Collecting oauthlib>=3.0.0
  Using cached oauthlib-3.2.2-py3-none-any.whl (151 kB)
Collecting urllib3<1.27,>=1.21.1
  Using cached urllib3-1.26.18-py2.py3-none-any.whl (143 kB)
Collecting nvidia-cublas-cu12==12.1.3.1
  Downloading nvidia_cublas_cu12-12.1.3.1-py3-none-manylinux1_x86_64.whl (410.6 MB)
Requirement already satisfied: sympy in /gpfs/admin/_hpc/sw/arch/INTEL-AVX512/RHEL8/EB_production/2022/software/Anaconda3/2022.05/lib/python3.9/site-packages (from torch>=1.1->tensorfn->-r /home/scur2199/DAVOS/modules/PIDM/requirements.txt (line 12)) (1.10.1)
Collecting nvidia-cusparse-cu12==12.1.0.106
  Downloading nvidia_cusparse_cu12-12.1.0.106-py3-none-manylinux1_x86_64.whl (196.0 MB)
Collecting nvidia-cufft-cu12==11.0.2.54
  Downloading nvidia_cufft_cu12-11.0.2.54-py3-none-manylinux1_x86_64.whl (121.6 MB)
Collecting triton==2.3.0
  Downloading triton-2.3.0-cp39-cp39-manylinux_2_17_x86_64.manylinux2014_x86_64.whl (168.1 MB)
Collecting nvidia-cuda-runtime-cu12==12.1.105
  Downloading nvidia_cuda_runtime_cu12-12.1.105-py3-none-manylinux1_x86_64.whl (823 kB)
Collecting nvidia-nvtx-cu12==12.1.105
  Downloading nvidia_nvtx_cu12-12.1.105-py3-none-manylinux1_x86_64.whl (99 kB)
Requirement already satisfied: filelock in /gpfs/admin/_hpc/sw/arch/INTEL-AVX512/RHEL8/EB_production/2022/software/Anaconda3/2022.05/lib/python3.9/site-packages (from torch>=1.1->tensorfn->-r /home/scur2199/DAVOS/modules/PIDM/requirements.txt (line 12)) (3.6.0)
Collecting nvidia-cuda-nvrtc-cu12==12.1.105
  Downloading nvidia_cuda_nvrtc_cu12-12.1.105-py3-none-manylinux1_x86_64.whl (23.7 MB)
Collecting nvidia-cudnn-cu12==8.9.2.26
  Downloading nvidia_cudnn_cu12-8.9.2.26-py3-none-manylinux1_x86_64.whl (731.7 MB)
Collecting nvidia-curand-cu12==10.3.2.106
  Downloading nvidia_curand_cu12-10.3.2.106-py3-none-manylinux1_x86_64.whl (56.5 MB)
Collecting nvidia-cusolver-cu12==11.4.5.107
  Downloading nvidia_cusolver_cu12-11.4.5.107-py3-none-manylinux1_x86_64.whl (124.2 MB)
Collecting nvidia-cuda-cupti-cu12==12.1.105
  Downloading nvidia_cuda_cupti_cu12-12.1.105-py3-none-manylinux1_x86_64.whl (14.1 MB)
Requirement already satisfied: jinja2 in /gpfs/admin/_hpc/sw/arch/INTEL-AVX512/RHEL8/EB_production/2022/software/Anaconda3/2022.05/lib/python3.9/site-packages (from torch>=1.1->tensorfn->-r /home/scur2199/DAVOS/modules/PIDM/requirements.txt (line 12)) (2.11.3)
Collecting nvidia-nccl-cu12==2.20.5
  Downloading nvidia_nccl_cu12-2.20.5-py3-none-manylinux2014_x86_64.whl (176.2 MB)
Requirement already satisfied: fsspec in /gpfs/admin/_hpc/sw/arch/INTEL-AVX512/RHEL8/EB_production/2022/software/Anaconda3/2022.05/lib/python3.9/site-packages (from torch>=1.1->tensorfn->-r /home/scur2199/DAVOS/modules/PIDM/requirements.txt (line 12)) (2022.2.0)
Collecting nvidia-nvjitlink-cu12
  Downloading nvidia_nvjitlink_cu12-12.4.127-py3-none-manylinux2014_x86_64.whl (21.1 MB)
Requirement already satisfied: jmespath<2.0.0,>=0.7.1 in /gpfs/admin/_hpc/sw/arch/INTEL-AVX512/RHEL8/EB_production/2022/software/Anaconda3/2022.05/lib/python3.9/site-packages (from boto3->tensorfn->-r /home/scur2199/DAVOS/modules/PIDM/requirements.txt (line 12)) (0.10.0)
Requirement already satisfied: s3transfer<0.6.0,>=0.5.0 in /gpfs/admin/_hpc/sw/arch/INTEL-AVX512/RHEL8/EB_production/2022/software/Anaconda3/2022.05/lib/python3.9/site-packages (from boto3->tensorfn->-r /home/scur2199/DAVOS/modules/PIDM/requirements.txt (line 12)) (0.5.0)
Requirement already satisfied: botocore<1.25.0,>=1.24.32 in /gpfs/admin/_hpc/sw/arch/INTEL-AVX512/RHEL8/EB_production/2022/software/Anaconda3/2022.05/lib/python3.9/site-packages (from boto3->tensorfn->-r /home/scur2199/DAVOS/modules/PIDM/requirements.txt (line 12)) (1.24.32)
Requirement already satisfied: MarkupSafe>=0.23 in /gpfs/admin/_hpc/sw/arch/INTEL-AVX512/RHEL8/EB_production/2022/software/Anaconda3/2022.05/lib/python3.9/site-packages (from jinja2->torch>=1.1->tensorfn->-r /home/scur2199/DAVOS/modules/PIDM/requirements.txt (line 12)) (2.0.1)
Collecting pygments<3.0.0,>=2.13.0
  Downloading pygments-2.18.0-py3-none-any.whl (1.2 MB)
Collecting markdown-it-py>=2.2.0
  Using cached markdown_it_py-3.0.0-py3-none-any.whl (87 kB)
Collecting mdurl~=0.1
  Using cached mdurl-0.1.2-py3-none-any.whl (10.0 kB)
Requirement already satisfied: mpmath>=0.19 in /gpfs/admin/_hpc/sw/arch/INTEL-AVX512/RHEL8/EB_production/2022/software/Anaconda3/2022.05/lib/python3.9/site-packages (from sympy->torch>=1.1->tensorfn->-r /home/scur2199/DAVOS/modules/PIDM/requirements.txt (line 12)) (1.2.1)
Building wheels for collected packages: scikit-image, pyhocon
  Building wheel for scikit-image (setup.py): started
  Building wheel for scikit-image (setup.py): still running...
  Building wheel for scikit-image (setup.py): still running...
  Building wheel for scikit-image (setup.py): still running...
  Building wheel for scikit-image (setup.py): finished with status 'done'
  Created wheel for scikit-image: filename=scikit_image-0.17.2-cp39-cp39-linux_x86_64.whl size=12247911 sha256=f7d5eb1759e20fd8b7f8c8a69b90821592200f54df1478ec9526e6afc858d6a0
  Stored in directory: /gpfs/home2/scur2199/.cache/pip/wheels/7c/74/ce/c57a9d7b775a85b1aac1ade12c209148580f5ecf23560dd58b
  Building wheel for pyhocon (setup.py): started
  Building wheel for pyhocon (setup.py): finished with status 'done'
  Created wheel for pyhocon: filename=pyhocon-0.3.60-py3-none-any.whl size=20883 sha256=0e48c9ac17841f308ce25fafcca45ea517aafb07e2013fb54a6a383fe9baf416
  Stored in directory: /gpfs/home2/scur2199/.cache/pip/wheels/f5/f4/9a/e4bc73f243333e1e0da7d62cff5e60cf258e37936f496538ad
Successfully built scikit-image pyhocon
Installing collected packages: urllib3, nvidia-nvjitlink-cu12, smmap, oauthlib, nvidia-cusparse-cu12, nvidia-cublas-cu12, mdurl, typing-extensions, triton, requests-oauthlib, pygments, Pillow, nvidia-nvtx-cu12, nvidia-nccl-cu12, nvidia-cusolver-cu12, nvidia-curand-cu12, nvidia-cufft-cu12, nvidia-cudnn-cu12, nvidia-cuda-runtime-cu12, nvidia-cuda-nvrtc-cu12, nvidia-cuda-cupti-cu12, markdown-it-py, gitdb, torch, termcolor, tensorboard-plugin-wit, tensorboard-data-server, setproctitle, sentry-sdk, scipy, rich, PyYAML, pyhocon, pydantic, protobuf, platformdirs, imageio, google-auth-oauthlib, gitpython, docker-pycreds, absl-py, wandb, tqdm, tensorfn, tensorboard, scikit-image, opencv-python, lmdb
Successfully installed Pillow-8.3.2 PyYAML-5.4.1 absl-py-2.1.0 docker-pycreds-0.4.0 gitdb-4.0.11 gitpython-3.1.43 google-auth-oauthlib-0.4.6 imageio-2.10.3 lmdb-1.2.1 markdown-it-py-3.0.0 mdurl-0.1.2 nvidia-cublas-cu12-12.1.3.1 nvidia-cuda-cupti-cu12-12.1.105 nvidia-cuda-nvrtc-cu12-12.1.105 nvidia-cuda-runtime-cu12-12.1.105 nvidia-cudnn-cu12-8.9.2.26 nvidia-cufft-cu12-11.0.2.54 nvidia-curand-cu12-10.3.2.106 nvidia-cusolver-cu12-11.4.5.107 nvidia-cusparse-cu12-12.1.0.106 nvidia-nccl-cu12-2.20.5 nvidia-nvjitlink-cu12-12.4.127 nvidia-nvtx-cu12-12.1.105 oauthlib-3.2.2 opencv-python-4.5.4.58 platformdirs-4.2.1 protobuf-3.20.0 pydantic-1.10.14 pygments-2.18.0 pyhocon-0.3.60 requests-oauthlib-2.0.0 rich-13.7.1 scikit-image-0.17.2 scipy-1.5.4 sentry-sdk-2.1.1 setproctitle-1.3.3 smmap-5.0.1 tensorboard-2.6.0 tensorboard-data-server-0.6.1 tensorboard-plugin-wit-1.8.1 tensorfn-0.1.28 termcolor-2.4.0 torch-2.3.0 tqdm-4.62.3 triton-2.3.0 typing-extensions-4.11.0 urllib3-1.26.18 wandb-0.17.0
Finished!

JOB STATISTICS
==============
Job ID: 6215596
Cluster: snellius
User/Group: scur2199/scur2199
State: RUNNING
Nodes: 1
Cores per node: 9
CPU Utilized: 00:00:00
CPU Efficiency: 0.00% of 01:43:48 core-walltime
Job Wall-clock time: 00:11:32
Memory Utilized: 0.00 MB (estimated maximum)
Memory Efficiency: 0.00% of 57.62 GB (57.62 GB/node)
WARNING: Efficiency statistics may be misleading for RUNNING jobs.
